<?xml version="1.0" encoding="UTF-8"?>
<testng-results total="1" passed="1" failed="0" skipped="0">
  <reporter-output>
  </reporter-output>
  <suite started-at="2023-01-24T05:58:54Z" name="Suite" finished-at="2023-01-24T06:06:43Z" duration-ms="468877">
    <groups>
      <group name="cucumber">
        <method signature="AbstractTestNGCucumberTests.runScenario(io.cucumber.testng.PickleWrapper, io.cucumber.testng.FeatureWrapper)[pri:0, instance:com.mycompany.runner.RunTest@3270d194]" name="runScenario" class="io.cucumber.testng.AbstractTestNGCucumberTests"/>
      </group> <!-- cucumber -->
    </groups>
    <test started-at="2023-01-24T05:58:54Z" name="testng" finished-at="2023-01-24T06:06:43Z" duration-ms="468877">
      <class name="com.mycompany.runner.RunTest">
        <test-method is-config="true" signature="setUpClass()[pri:0, instance:com.mycompany.runner.RunTest@3270d194]" started-at="2023-01-23T23:58:54Z" name="setUpClass" finished-at="2023-01-23T23:58:54Z" duration-ms="343" status="PASS">
          <reporter-output>
          </reporter-output>
        </test-method> <!-- setUpClass -->
        <test-method signature="runScenario(io.cucumber.testng.PickleWrapper, io.cucumber.testng.FeatureWrapper)[pri:0, instance:com.mycompany.runner.RunTest@3270d194]" started-at="2023-01-23T23:58:54Z" name="runScenario" description="Runs Cucumber Scenarios" data-provider="scenarios" finished-at="2023-01-24T00:06:43Z" duration-ms="468334" status="PASS">
          <params>
            <param index="0">
              <value>
                <![CDATA["Look for cheapest and more expensive flights from GDL to SEA"]]>
              </value>
            </param>
            <param index="1">
              <value>
                <![CDATA["Optional[Aeromexico QA Challenge]"]]>
              </value>
            </param>
          </params>
          <reporter-output>
          </reporter-output>
        </test-method> <!-- runScenario -->
        <test-method is-config="true" signature="tearDownClass()[pri:0, instance:com.mycompany.runner.RunTest@3270d194]" started-at="2023-01-24T00:06:43Z" name="tearDownClass" finished-at="2023-01-24T00:06:43Z" duration-ms="41" status="PASS">
          <reporter-output>
          </reporter-output>
        </test-method> <!-- tearDownClass -->
      </class> <!-- com.mycompany.runner.RunTest -->
    </test> <!-- testng -->
  </suite> <!-- Suite -->
</testng-results>
